<?xml version="1.0" encoding="UTF-8"?>
<databaseChangeLog
        xmlns="http://www.liquibase.org/xml/ns/dbchangelog"
        xmlns:xsi="http://www.w3.org/2001/XMLSchema-instance"
        xsi:schemaLocation="http://www.liquibase.org/xml/ns/dbchangelog
                      http://www.liquibase.org/xml/ns/dbchangelog/dbchangelog-4.20.xsd"
        objectQuotingStrategy="QUOTE_ONLY_RESERVED_WORDS">
    <changeSet id="1690050203314-1" author="bik_krlvn (generated)">
        <createTable tableName="users">
            <column autoIncrement="true" name="id" type="BIGINT">
                <constraints nullable="false" primaryKey="true" primaryKeyName="pk_users"/>
            </column>
            <column name="name" type="VARCHAR(255)"/>
            <column name="email" type="VARCHAR(255)"/>
        </createTable>
    </changeSet>

    <changeSet id="1690050203314-2" author="bik_krlvn (generated)">
        <sql>
            INSERT INTO public.users (id, name, email)
            VALUES (100, 'THubert Johnston', 'lawanna.bernhard@gmail.com')
        </sql>
    </changeSet>

</databaseChangeLog>
